<?xml version="1.0" encoding="UTF-8"?>
<testng-results skipped="0" failed="0" ignored="0" total="1" passed="1">
  <reporter-output>
  </reporter-output>
  <suite name="Default suite" duration-ms="17136" started-at="2020-07-20T01:14:40 IST" finished-at="2020-07-20T01:14:58 IST">
    <groups>
    </groups>
    <test name="Default test" duration-ms="17136" started-at="2020-07-20T01:14:40 IST" finished-at="2020-07-20T01:14:58 IST">
      <class name="mvnPack.Screenshot_Demo">
        <test-method status="PASS" signature="TestLogin()[pri:0, instance:mvnPack.Screenshot_Demo@3dd4520b]" name="TestLogin" duration-ms="17066" started-at="2020-07-20T01:14:40 IST" finished-at="2020-07-20T01:14:58 IST">
          <reporter-output>
          </reporter-output>
        </test-method> <!-- TestLogin -->
      </class> <!-- mvnPack.Screenshot_Demo -->
    </test> <!-- Default test -->
  </suite> <!-- Default suite -->
</testng-results>
